ERROR - 2026-02-18 11:25:50 --> Error connecting to the database: mysqli_sql_exception: Access denied for user ''@'localhost' (using password: NO) in /home/ikannn/perpus/vendor/codeigniter4/framework/system/Database/MySQLi/Connection.php:201
Stack trace:
#0 /home/ikannn/perpus/vendor/codeigniter4/framework/system/Database/MySQLi/Connection.php(201): mysqli->real_connect()
#1 /home/ikannn/perpus/vendor/codeigniter4/framework/system/Database/BaseConnection.php(419): CodeIgniter\Database\MySQLi\Connection->connect()
#2 /home/ikannn/perpus/vendor/codeigniter4/framework/system/Database/BaseConnection.php(654): CodeIgniter\Database\BaseConnection->initialize()
#3 /home/ikannn/perpus/vendor/codeigniter4/framework/system/Database/BaseConnection.php(1565): CodeIgniter\Database\BaseConnection->query()
#4 /home/ikannn/perpus/vendor/codeigniter4/framework/system/Database/BaseConnection.php(1585): CodeIgniter\Database\BaseConnection->listTables()
#5 /home/ikannn/perpus/vendor/codeigniter4/framework/system/Database/MigrationRunner.php(821): CodeIgniter\Database\BaseConnection->tableExists()
#6 /home/ikannn/perpus/vendor/codeigniter4/framework/system/Database/MigrationRunner.php(173): CodeIgniter\Database\MigrationRunner->ensureTable()
#7 /home/ikannn/perpus/vendor/codeigniter4/framework/system/Commands/Database/Migrate.php(89): CodeIgniter\Database\MigrationRunner->latest()
#8 /home/ikannn/perpus/vendor/codeigniter4/framework/system/CLI/SignalTrait.php(245): CodeIgniter\Commands\Database\Migrate::CodeIgniter\Commands\Database\{closure}()
#9 /home/ikannn/perpus/vendor/codeigniter4/framework/system/Commands/Database/Migrate.php(88): CodeIgniter\Commands\Database\Migrate->withSignalsBlocked()
#10 /home/ikannn/perpus/vendor/codeigniter4/framework/system/CLI/Commands.php(74): CodeIgniter\Commands\Database\Migrate->run()
#11 /home/ikannn/perpus/vendor/codeigniter4/framework/system/CLI/Console.php(47): CodeIgniter\CLI\Commands->run()
#12 /home/ikannn/perpus/vendor/codeigniter4/framework/system/Boot.php(442): CodeIgniter\CLI\Console->run()
#13 /home/ikannn/perpus/vendor/codeigniter4/framework/system/Boot.php(166): CodeIgniter\Boot::runCommand()
#14 /home/ikannn/perpus/spark(87): CodeIgniter\Boot::bootSpark()
#15 {main}

Next CodeIgniter\Database\Exceptions\DatabaseException: Access denied for user ''@'localhost' (using password: NO) in /home/ikannn/perpus/vendor/codeigniter4/framework/system/Database/MySQLi/Connection.php:231
Stack trace:
#0 /home/ikannn/perpus/vendor/codeigniter4/framework/system/Database/BaseConnection.php(419): CodeIgniter\Database\MySQLi\Connection->connect()
#1 /home/ikannn/perpus/vendor/codeigniter4/framework/system/Database/BaseConnection.php(654): CodeIgniter\Database\BaseConnection->initialize()
#2 /home/ikannn/perpus/vendor/codeigniter4/framework/system/Database/BaseConnection.php(1565): CodeIgniter\Database\BaseConnection->query()
#3 /home/ikannn/perpus/vendor/codeigniter4/framework/system/Database/BaseConnection.php(1585): CodeIgniter\Database\BaseConnection->listTables()
#4 /home/ikannn/perpus/vendor/codeigniter4/framework/system/Database/MigrationRunner.php(821): CodeIgniter\Database\BaseConnection->tableExists()
#5 /home/ikannn/perpus/vendor/codeigniter4/framework/system/Database/MigrationRunner.php(173): CodeIgniter\Database\MigrationRunner->ensureTable()
#6 /home/ikannn/perpus/vendor/codeigniter4/framework/system/Commands/Database/Migrate.php(89): CodeIgniter\Database\MigrationRunner->latest()
#7 /home/ikannn/perpus/vendor/codeigniter4/framework/system/CLI/SignalTrait.php(245): CodeIgniter\Commands\Database\Migrate::CodeIgniter\Commands\Database\{closure}()
#8 /home/ikannn/perpus/vendor/codeigniter4/framework/system/Commands/Database/Migrate.php(88): CodeIgniter\Commands\Database\Migrate->withSignalsBlocked()
#9 /home/ikannn/perpus/vendor/codeigniter4/framework/system/CLI/Commands.php(74): CodeIgniter\Commands\Database\Migrate->run()
#10 /home/ikannn/perpus/vendor/codeigniter4/framework/system/CLI/Console.php(47): CodeIgniter\CLI\Commands->run()
#11 /home/ikannn/perpus/vendor/codeigniter4/framework/system/Boot.php(442): CodeIgniter\CLI\Console->run()
#12 /home/ikannn/perpus/vendor/codeigniter4/framework/system/Boot.php(166): CodeIgniter\Boot::runCommand()
#13 /home/ikannn/perpus/spark(87): CodeIgniter\Boot::bootSpark()
#14 {main}
ERROR - 2026-02-18 11:26:37 --> Error connecting to the database: mysqli_sql_exception: Access denied for user ''@'localhost' (using password: NO) in /home/ikannn/perpus/vendor/codeigniter4/framework/system/Database/MySQLi/Connection.php:201
Stack trace:
#0 /home/ikannn/perpus/vendor/codeigniter4/framework/system/Database/MySQLi/Connection.php(201): mysqli->real_connect()
#1 /home/ikannn/perpus/vendor/codeigniter4/framework/system/Database/BaseConnection.php(419): CodeIgniter\Database\MySQLi\Connection->connect()
#2 /home/ikannn/perpus/vendor/codeigniter4/framework/system/Database/BaseConnection.php(654): CodeIgniter\Database\BaseConnection->initialize()
#3 /home/ikannn/perpus/vendor/codeigniter4/framework/system/Database/BaseConnection.php(1565): CodeIgniter\Database\BaseConnection->query()
#4 /home/ikannn/perpus/vendor/codeigniter4/framework/system/Database/BaseConnection.php(1585): CodeIgniter\Database\BaseConnection->listTables()
#5 /home/ikannn/perpus/vendor/codeigniter4/framework/system/Database/MigrationRunner.php(821): CodeIgniter\Database\BaseConnection->tableExists()
#6 /home/ikannn/perpus/vendor/codeigniter4/framework/system/Database/MigrationRunner.php(173): CodeIgniter\Database\MigrationRunner->ensureTable()
#7 /home/ikannn/perpus/vendor/codeigniter4/framework/system/Commands/Database/Migrate.php(89): CodeIgniter\Database\MigrationRunner->latest()
#8 /home/ikannn/perpus/vendor/codeigniter4/framework/system/CLI/SignalTrait.php(245): CodeIgniter\Commands\Database\Migrate::CodeIgniter\Commands\Database\{closure}()
#9 /home/ikannn/perpus/vendor/codeigniter4/framework/system/Commands/Database/Migrate.php(88): CodeIgniter\Commands\Database\Migrate->withSignalsBlocked()
#10 /home/ikannn/perpus/vendor/codeigniter4/framework/system/CLI/Commands.php(74): CodeIgniter\Commands\Database\Migrate->run()
#11 /home/ikannn/perpus/vendor/codeigniter4/framework/system/CLI/Console.php(47): CodeIgniter\CLI\Commands->run()
#12 /home/ikannn/perpus/vendor/codeigniter4/framework/system/Boot.php(442): CodeIgniter\CLI\Console->run()
#13 /home/ikannn/perpus/vendor/codeigniter4/framework/system/Boot.php(166): CodeIgniter\Boot::runCommand()
#14 /home/ikannn/perpus/spark(87): CodeIgniter\Boot::bootSpark()
#15 {main}

Next CodeIgniter\Database\Exceptions\DatabaseException: Access denied for user ''@'localhost' (using password: NO) in /home/ikannn/perpus/vendor/codeigniter4/framework/system/Database/MySQLi/Connection.php:231
Stack trace:
#0 /home/ikannn/perpus/vendor/codeigniter4/framework/system/Database/BaseConnection.php(419): CodeIgniter\Database\MySQLi\Connection->connect()
#1 /home/ikannn/perpus/vendor/codeigniter4/framework/system/Database/BaseConnection.php(654): CodeIgniter\Database\BaseConnection->initialize()
#2 /home/ikannn/perpus/vendor/codeigniter4/framework/system/Database/BaseConnection.php(1565): CodeIgniter\Database\BaseConnection->query()
#3 /home/ikannn/perpus/vendor/codeigniter4/framework/system/Database/BaseConnection.php(1585): CodeIgniter\Database\BaseConnection->listTables()
#4 /home/ikannn/perpus/vendor/codeigniter4/framework/system/Database/MigrationRunner.php(821): CodeIgniter\Database\BaseConnection->tableExists()
#5 /home/ikannn/perpus/vendor/codeigniter4/framework/system/Database/MigrationRunner.php(173): CodeIgniter\Database\MigrationRunner->ensureTable()
#6 /home/ikannn/perpus/vendor/codeigniter4/framework/system/Commands/Database/Migrate.php(89): CodeIgniter\Database\MigrationRunner->latest()
#7 /home/ikannn/perpus/vendor/codeigniter4/framework/system/CLI/SignalTrait.php(245): CodeIgniter\Commands\Database\Migrate::CodeIgniter\Commands\Database\{closure}()
#8 /home/ikannn/perpus/vendor/codeigniter4/framework/system/Commands/Database/Migrate.php(88): CodeIgniter\Commands\Database\Migrate->withSignalsBlocked()
#9 /home/ikannn/perpus/vendor/codeigniter4/framework/system/CLI/Commands.php(74): CodeIgniter\Commands\Database\Migrate->run()
#10 /home/ikannn/perpus/vendor/codeigniter4/framework/system/CLI/Console.php(47): CodeIgniter\CLI\Commands->run()
#11 /home/ikannn/perpus/vendor/codeigniter4/framework/system/Boot.php(442): CodeIgniter\CLI\Console->run()
#12 /home/ikannn/perpus/vendor/codeigniter4/framework/system/Boot.php(166): CodeIgniter\Boot::runCommand()
#13 /home/ikannn/perpus/spark(87): CodeIgniter\Boot::bootSpark()
#14 {main}
ERROR - 2026-02-18 11:27:33 --> Error connecting to the database: mysqli_sql_exception: Access denied for user ''@'localhost' (using password: NO) in /home/ikannn/perpus/vendor/codeigniter4/framework/system/Database/MySQLi/Connection.php:201
Stack trace:
#0 /home/ikannn/perpus/vendor/codeigniter4/framework/system/Database/MySQLi/Connection.php(201): mysqli->real_connect()
#1 /home/ikannn/perpus/vendor/codeigniter4/framework/system/Database/BaseConnection.php(419): CodeIgniter\Database\MySQLi\Connection->connect()
#2 /home/ikannn/perpus/vendor/codeigniter4/framework/system/Database/BaseConnection.php(654): CodeIgniter\Database\BaseConnection->initialize()
#3 /home/ikannn/perpus/vendor/codeigniter4/framework/system/Database/BaseConnection.php(1565): CodeIgniter\Database\BaseConnection->query()
#4 /home/ikannn/perpus/vendor/codeigniter4/framework/system/Database/BaseConnection.php(1585): CodeIgniter\Database\BaseConnection->listTables()
#5 /home/ikannn/perpus/vendor/codeigniter4/framework/system/Database/MigrationRunner.php(821): CodeIgniter\Database\BaseConnection->tableExists()
#6 /home/ikannn/perpus/vendor/codeigniter4/framework/system/Database/MigrationRunner.php(173): CodeIgniter\Database\MigrationRunner->ensureTable()
#7 /home/ikannn/perpus/vendor/codeigniter4/framework/system/Commands/Database/Migrate.php(89): CodeIgniter\Database\MigrationRunner->latest()
#8 /home/ikannn/perpus/vendor/codeigniter4/framework/system/CLI/SignalTrait.php(245): CodeIgniter\Commands\Database\Migrate::CodeIgniter\Commands\Database\{closure}()
#9 /home/ikannn/perpus/vendor/codeigniter4/framework/system/Commands/Database/Migrate.php(88): CodeIgniter\Commands\Database\Migrate->withSignalsBlocked()
#10 /home/ikannn/perpus/vendor/codeigniter4/framework/system/CLI/Commands.php(74): CodeIgniter\Commands\Database\Migrate->run()
#11 /home/ikannn/perpus/vendor/codeigniter4/framework/system/CLI/Console.php(47): CodeIgniter\CLI\Commands->run()
#12 /home/ikannn/perpus/vendor/codeigniter4/framework/system/Boot.php(442): CodeIgniter\CLI\Console->run()
#13 /home/ikannn/perpus/vendor/codeigniter4/framework/system/Boot.php(166): CodeIgniter\Boot::runCommand()
#14 /home/ikannn/perpus/spark(87): CodeIgniter\Boot::bootSpark()
#15 {main}

Next CodeIgniter\Database\Exceptions\DatabaseException: Access denied for user ''@'localhost' (using password: NO) in /home/ikannn/perpus/vendor/codeigniter4/framework/system/Database/MySQLi/Connection.php:231
Stack trace:
#0 /home/ikannn/perpus/vendor/codeigniter4/framework/system/Database/BaseConnection.php(419): CodeIgniter\Database\MySQLi\Connection->connect()
#1 /home/ikannn/perpus/vendor/codeigniter4/framework/system/Database/BaseConnection.php(654): CodeIgniter\Database\BaseConnection->initialize()
#2 /home/ikannn/perpus/vendor/codeigniter4/framework/system/Database/BaseConnection.php(1565): CodeIgniter\Database\BaseConnection->query()
#3 /home/ikannn/perpus/vendor/codeigniter4/framework/system/Database/BaseConnection.php(1585): CodeIgniter\Database\BaseConnection->listTables()
#4 /home/ikannn/perpus/vendor/codeigniter4/framework/system/Database/MigrationRunner.php(821): CodeIgniter\Database\BaseConnection->tableExists()
#5 /home/ikannn/perpus/vendor/codeigniter4/framework/system/Database/MigrationRunner.php(173): CodeIgniter\Database\MigrationRunner->ensureTable()
#6 /home/ikannn/perpus/vendor/codeigniter4/framework/system/Commands/Database/Migrate.php(89): CodeIgniter\Database\MigrationRunner->latest()
#7 /home/ikannn/perpus/vendor/codeigniter4/framework/system/CLI/SignalTrait.php(245): CodeIgniter\Commands\Database\Migrate::CodeIgniter\Commands\Database\{closure}()
#8 /home/ikannn/perpus/vendor/codeigniter4/framework/system/Commands/Database/Migrate.php(88): CodeIgniter\Commands\Database\Migrate->withSignalsBlocked()
#9 /home/ikannn/perpus/vendor/codeigniter4/framework/system/CLI/Commands.php(74): CodeIgniter\Commands\Database\Migrate->run()
#10 /home/ikannn/perpus/vendor/codeigniter4/framework/system/CLI/Console.php(47): CodeIgniter\CLI\Commands->run()
#11 /home/ikannn/perpus/vendor/codeigniter4/framework/system/Boot.php(442): CodeIgniter\CLI\Console->run()
#12 /home/ikannn/perpus/vendor/codeigniter4/framework/system/Boot.php(166): CodeIgniter\Boot::runCommand()
#13 /home/ikannn/perpus/spark(87): CodeIgniter\Boot::bootSpark()
#14 {main}
ERROR - 2026-02-18 11:29:22 --> Error connecting to the database: mysqli_sql_exception: Unknown database 'perpus' in /home/ikannn/perpus/vendor/codeigniter4/framework/system/Database/MySQLi/Connection.php:201
Stack trace:
#0 /home/ikannn/perpus/vendor/codeigniter4/framework/system/Database/MySQLi/Connection.php(201): mysqli->real_connect()
#1 /home/ikannn/perpus/vendor/codeigniter4/framework/system/Database/BaseConnection.php(419): CodeIgniter\Database\MySQLi\Connection->connect()
#2 /home/ikannn/perpus/vendor/codeigniter4/framework/system/Database/BaseConnection.php(654): CodeIgniter\Database\BaseConnection->initialize()
#3 /home/ikannn/perpus/vendor/codeigniter4/framework/system/Database/BaseConnection.php(1565): CodeIgniter\Database\BaseConnection->query()
#4 /home/ikannn/perpus/vendor/codeigniter4/framework/system/Database/BaseConnection.php(1585): CodeIgniter\Database\BaseConnection->listTables()
#5 /home/ikannn/perpus/vendor/codeigniter4/framework/system/Database/MigrationRunner.php(821): CodeIgniter\Database\BaseConnection->tableExists()
#6 /home/ikannn/perpus/vendor/codeigniter4/framework/system/Database/MigrationRunner.php(173): CodeIgniter\Database\MigrationRunner->ensureTable()
#7 /home/ikannn/perpus/vendor/codeigniter4/framework/system/Commands/Database/Migrate.php(89): CodeIgniter\Database\MigrationRunner->latest()
#8 /home/ikannn/perpus/vendor/codeigniter4/framework/system/CLI/SignalTrait.php(245): CodeIgniter\Commands\Database\Migrate::CodeIgniter\Commands\Database\{closure}()
#9 /home/ikannn/perpus/vendor/codeigniter4/framework/system/Commands/Database/Migrate.php(88): CodeIgniter\Commands\Database\Migrate->withSignalsBlocked()
#10 /home/ikannn/perpus/vendor/codeigniter4/framework/system/CLI/Commands.php(74): CodeIgniter\Commands\Database\Migrate->run()
#11 /home/ikannn/perpus/vendor/codeigniter4/framework/system/CLI/Console.php(47): CodeIgniter\CLI\Commands->run()
#12 /home/ikannn/perpus/vendor/codeigniter4/framework/system/Boot.php(442): CodeIgniter\CLI\Console->run()
#13 /home/ikannn/perpus/vendor/codeigniter4/framework/system/Boot.php(166): CodeIgniter\Boot::runCommand()
#14 /home/ikannn/perpus/spark(87): CodeIgniter\Boot::bootSpark()
#15 {main}

Next CodeIgniter\Database\Exceptions\DatabaseException: Unknown database 'perpus' in /home/ikannn/perpus/vendor/codeigniter4/framework/system/Database/MySQLi/Connection.php:231
Stack trace:
#0 /home/ikannn/perpus/vendor/codeigniter4/framework/system/Database/BaseConnection.php(419): CodeIgniter\Database\MySQLi\Connection->connect()
#1 /home/ikannn/perpus/vendor/codeigniter4/framework/system/Database/BaseConnection.php(654): CodeIgniter\Database\BaseConnection->initialize()
#2 /home/ikannn/perpus/vendor/codeigniter4/framework/system/Database/BaseConnection.php(1565): CodeIgniter\Database\BaseConnection->query()
#3 /home/ikannn/perpus/vendor/codeigniter4/framework/system/Database/BaseConnection.php(1585): CodeIgniter\Database\BaseConnection->listTables()
#4 /home/ikannn/perpus/vendor/codeigniter4/framework/system/Database/MigrationRunner.php(821): CodeIgniter\Database\BaseConnection->tableExists()
#5 /home/ikannn/perpus/vendor/codeigniter4/framework/system/Database/MigrationRunner.php(173): CodeIgniter\Database\MigrationRunner->ensureTable()
#6 /home/ikannn/perpus/vendor/codeigniter4/framework/system/Commands/Database/Migrate.php(89): CodeIgniter\Database\MigrationRunner->latest()
#7 /home/ikannn/perpus/vendor/codeigniter4/framework/system/CLI/SignalTrait.php(245): CodeIgniter\Commands\Database\Migrate::CodeIgniter\Commands\Database\{closure}()
#8 /home/ikannn/perpus/vendor/codeigniter4/framework/system/Commands/Database/Migrate.php(88): CodeIgniter\Commands\Database\Migrate->withSignalsBlocked()
#9 /home/ikannn/perpus/vendor/codeigniter4/framework/system/CLI/Commands.php(74): CodeIgniter\Commands\Database\Migrate->run()
#10 /home/ikannn/perpus/vendor/codeigniter4/framework/system/CLI/Console.php(47): CodeIgniter\CLI\Commands->run()
#11 /home/ikannn/perpus/vendor/codeigniter4/framework/system/Boot.php(442): CodeIgniter\CLI\Console->run()
#12 /home/ikannn/perpus/vendor/codeigniter4/framework/system/Boot.php(166): CodeIgniter\Boot::runCommand()
#13 /home/ikannn/perpus/spark(87): CodeIgniter\Boot::bootSpark()
#14 {main}
ERROR - 2026-02-18 11:29:59 --> Error connecting to the database: mysqli_sql_exception: Unknown database 'perpus' in /home/ikannn/perpus/vendor/codeigniter4/framework/system/Database/MySQLi/Connection.php:201
Stack trace:
#0 /home/ikannn/perpus/vendor/codeigniter4/framework/system/Database/MySQLi/Connection.php(201): mysqli->real_connect()
#1 /home/ikannn/perpus/vendor/codeigniter4/framework/system/Database/BaseConnection.php(419): CodeIgniter\Database\MySQLi\Connection->connect()
#2 /home/ikannn/perpus/vendor/codeigniter4/framework/system/Database/BaseConnection.php(654): CodeIgniter\Database\BaseConnection->initialize()
#3 /home/ikannn/perpus/vendor/codeigniter4/framework/system/Database/BaseConnection.php(1565): CodeIgniter\Database\BaseConnection->query()
#4 /home/ikannn/perpus/vendor/codeigniter4/framework/system/Database/BaseConnection.php(1585): CodeIgniter\Database\BaseConnection->listTables()
#5 /home/ikannn/perpus/vendor/codeigniter4/framework/system/Database/MigrationRunner.php(821): CodeIgniter\Database\BaseConnection->tableExists()
#6 /home/ikannn/perpus/vendor/codeigniter4/framework/system/Database/MigrationRunner.php(173): CodeIgniter\Database\MigrationRunner->ensureTable()
#7 /home/ikannn/perpus/vendor/codeigniter4/framework/system/Commands/Database/Migrate.php(89): CodeIgniter\Database\MigrationRunner->latest()
#8 /home/ikannn/perpus/vendor/codeigniter4/framework/system/CLI/SignalTrait.php(245): CodeIgniter\Commands\Database\Migrate::CodeIgniter\Commands\Database\{closure}()
#9 /home/ikannn/perpus/vendor/codeigniter4/framework/system/Commands/Database/Migrate.php(88): CodeIgniter\Commands\Database\Migrate->withSignalsBlocked()
#10 /home/ikannn/perpus/vendor/codeigniter4/framework/system/CLI/Commands.php(74): CodeIgniter\Commands\Database\Migrate->run()
#11 /home/ikannn/perpus/vendor/codeigniter4/framework/system/CLI/Console.php(47): CodeIgniter\CLI\Commands->run()
#12 /home/ikannn/perpus/vendor/codeigniter4/framework/system/Boot.php(442): CodeIgniter\CLI\Console->run()
#13 /home/ikannn/perpus/vendor/codeigniter4/framework/system/Boot.php(166): CodeIgniter\Boot::runCommand()
#14 /home/ikannn/perpus/spark(87): CodeIgniter\Boot::bootSpark()
#15 {main}

Next CodeIgniter\Database\Exceptions\DatabaseException: Unknown database 'perpus' in /home/ikannn/perpus/vendor/codeigniter4/framework/system/Database/MySQLi/Connection.php:231
Stack trace:
#0 /home/ikannn/perpus/vendor/codeigniter4/framework/system/Database/BaseConnection.php(419): CodeIgniter\Database\MySQLi\Connection->connect()
#1 /home/ikannn/perpus/vendor/codeigniter4/framework/system/Database/BaseConnection.php(654): CodeIgniter\Database\BaseConnection->initialize()
#2 /home/ikannn/perpus/vendor/codeigniter4/framework/system/Database/BaseConnection.php(1565): CodeIgniter\Database\BaseConnection->query()
#3 /home/ikannn/perpus/vendor/codeigniter4/framework/system/Database/BaseConnection.php(1585): CodeIgniter\Database\BaseConnection->listTables()
#4 /home/ikannn/perpus/vendor/codeigniter4/framework/system/Database/MigrationRunner.php(821): CodeIgniter\Database\BaseConnection->tableExists()
#5 /home/ikannn/perpus/vendor/codeigniter4/framework/system/Database/MigrationRunner.php(173): CodeIgniter\Database\MigrationRunner->ensureTable()
#6 /home/ikannn/perpus/vendor/codeigniter4/framework/system/Commands/Database/Migrate.php(89): CodeIgniter\Database\MigrationRunner->latest()
#7 /home/ikannn/perpus/vendor/codeigniter4/framework/system/CLI/SignalTrait.php(245): CodeIgniter\Commands\Database\Migrate::CodeIgniter\Commands\Database\{closure}()
#8 /home/ikannn/perpus/vendor/codeigniter4/framework/system/Commands/Database/Migrate.php(88): CodeIgniter\Commands\Database\Migrate->withSignalsBlocked()
#9 /home/ikannn/perpus/vendor/codeigniter4/framework/system/CLI/Commands.php(74): CodeIgniter\Commands\Database\Migrate->run()
#10 /home/ikannn/perpus/vendor/codeigniter4/framework/system/CLI/Console.php(47): CodeIgniter\CLI\Commands->run()
#11 /home/ikannn/perpus/vendor/codeigniter4/framework/system/Boot.php(442): CodeIgniter\CLI\Console->run()
#12 /home/ikannn/perpus/vendor/codeigniter4/framework/system/Boot.php(166): CodeIgniter\Boot::runCommand()
#13 /home/ikannn/perpus/spark(87): CodeIgniter\Boot::bootSpark()
#14 {main}
CRITICAL - 2026-02-18 12:02:28 --> CodeIgniter\View\Exceptions\ViewException: Invalid file: "public/detail.php"
[Method: GET, Route: books/1]
in SYSTEMPATH/Exceptions/FrameworkException.php on line 39.
 1 SYSTEMPATH/View/View.php(226): CodeIgniter\Exceptions\FrameworkException::forInvalidFile()
 2 SYSTEMPATH/Common.php(1250): CodeIgniter\View\View->render()
 3 APPPATH/Controllers/Books.php(26): view()
 4 SYSTEMPATH/CodeIgniter.php(951): App\Controllers\Books->detail()
 5 SYSTEMPATH/CodeIgniter.php(497): CodeIgniter\CodeIgniter->runController()
 6 SYSTEMPATH/CodeIgniter.php(340): CodeIgniter\CodeIgniter->handleRequest()
 7 SYSTEMPATH/Boot.php(417): CodeIgniter\CodeIgniter->run()
 8 SYSTEMPATH/Boot.php(68): CodeIgniter\Boot::runCodeIgniter()
 9 FCPATH/index.php(59): CodeIgniter\Boot::bootWeb()
10 SYSTEMPATH/rewrite.php(44): require_once('/home/ikannn/perpus/public/index.php')
CRITICAL - 2026-02-18 12:02:36 --> CodeIgniter\View\Exceptions\ViewException: Invalid file: "public/detail.php"
[Method: GET, Route: books/1]
in SYSTEMPATH/Exceptions/FrameworkException.php on line 39.
 1 SYSTEMPATH/View/View.php(226): CodeIgniter\Exceptions\FrameworkException::forInvalidFile()
 2 SYSTEMPATH/Common.php(1250): CodeIgniter\View\View->render()
 3 APPPATH/Controllers/Books.php(26): view()
 4 SYSTEMPATH/CodeIgniter.php(951): App\Controllers\Books->detail()
 5 SYSTEMPATH/CodeIgniter.php(497): CodeIgniter\CodeIgniter->runController()
 6 SYSTEMPATH/CodeIgniter.php(340): CodeIgniter\CodeIgniter->handleRequest()
 7 SYSTEMPATH/Boot.php(417): CodeIgniter\CodeIgniter->run()
 8 SYSTEMPATH/Boot.php(68): CodeIgniter\Boot::runCodeIgniter()
 9 FCPATH/index.php(59): CodeIgniter\Boot::bootWeb()
10 SYSTEMPATH/rewrite.php(44): require_once('/home/ikannn/perpus/public/index.php')
